{"name": "test_cart_badge_behavior", "status": "failed", "statusDetails": {"message": "AssertionError: Expected '1' items, but found '3' in cart.", "trace": "def test_cart_badge_behavior():\n        \"\"\"This try to put random items to cart verify the number in badge and remove them all.\"\"\"\n        inventory_page = InventoryPage(browser)\n        slowdown()\n>       inventory_page.add_random_products_to_cart()\n\ntest.py:45: \n_ _ _ _ _ _ _ _ _ _ _ _ _ _ _ _ _ _ _ _ _ _ _ _ _ _ _ _ _ _ _ _ _ _ _ _ _ _ _ _ _ _ _ _ _ _ _ _ _ _ _ _ _ _ _ _ _ _ _ _ _ _ _ _ _ _ _ _ _ _ _ _ _ _ _ _ _ _ _ _ _ _ _ _ _ _ _ _ _ _ _ _ _ _ _ _ _ _ _ _ _ _ _ _ _ _ _ _ _ _ _ _ _ _ _ _ _ _ _ _ _ _\n\nself = <saucedemo.InventoryPage.InventoryPage object at 0x0000019D8008C190>\n\n    def add_random_products_to_cart(self):\n        add_to_cart_buttons = self.driver.find_elements(*self.add_to_cart_button)\n        num_to_add = random.randint(1, len(add_to_cart_buttons))\n        buttons_to_add = random.sample(add_to_cart_buttons, num_to_add)\n    \n        for button in buttons_to_add:\n            self.add_product_to_cart(button)\n            logging.debug(f\"Item '{button}' was added to cart.\")\n    \n        time.sleep(0.5)\n        cart_count = int(self.driver.find_element(*self.cart_badge).text)\n>       assert cart_count == num_to_add, f\"Expected '{num_to_add}' items, but found '{cart_count}' in cart.\"\nE       AssertionError: Expected '1' items, but found '3' in cart.\n\nsaucedemo\\InventoryPage.py:35: AssertionError"}, "description": "This try to put random items to cart verify the number in badge and remove them all.", "start": 1745933212917, "stop": 1745933215505, "uuid": "9f8763bb-e2f0-4367-90ad-cff50d89bb63", "historyId": "c069ff56e20b19476d1461adcc8d9b93", "testCaseId": "c069ff56e20b19476d1461adcc8d9b93", "fullName": "test#test_cart_badge_behavior", "labels": [{"name": "suite", "value": "test"}, {"name": "host", "value": "TF-667365449729"}, {"name": "thread", "value": "11696-MainThread"}, {"name": "framework", "value": "pytest"}, {"name": "language", "value": "cpython3"}, {"name": "package", "value": "test"}]}